DONE loading W, T, U
init is: 0
end is: 139810
init is: 139810
end is: 279620
init is: 279620
end is: 419430
init is: 419430
end is: 559240
init is: 559240
end is: 699050
init is: 699050
end is: 838860
init is: 838860
end is: 978670
init is: 978670
end is: 1118480
init is: 1118480
end is: 1258290
init is: 1258290
end is: 1398100
init is: 1398100
end is: 1537910
init is: 1537910
end is: 1677720
init is: 1677720
end is: 1817530
init is: 1817530
end is: 1957340
init is: 1957340
end is: 2097150
init is: 2097150
end is: 2236960
init is: 2236960
end is: 2376770
init is: 2376770
end is: 2516580
init is: 2516580
end is: 2656390
init is: 2656390
end is: 2796200
init is: 2796200
end is: 2936010
init is: 2936010
end is: 3075820
init is: 3075820
end is: 3215630
init is: 3215630
end is: 3355440
init is: 3355440
end is: 3495250
init is: 3495250
end is: 3635060
init is: 3635060
end is: 3774870
init is: 3774870
end is: 3914680
init is: 3914680
end is: 4054490
init is: 4054490
end is: 4194300
PROCESS STARTED NAMED:  (0, 139810)
PROCESS STARTED NAMED:  (139810, 279620)
PROCESS STARTED NAMED:  (279620, 419430)
PROCESS STARTED NAMED:  (419430, 559240)
PROCESS STARTED NAMED:  (559240, 699050)
PROCESS STARTED NAMED:  (699050, 838860)
PROCESS STARTED NAMED:  (838860, 978670)
PROCESS STARTED NAMED:  (978670, 1118480)
PROCESS STARTED NAMED:  (1118480, 1258290)
PROCESS STARTED NAMED:  (1258290, 1398100)
PROCESS STARTED NAMED:  (1398100, 1537910)
PROCESS STARTED NAMED:  (1537910, 1677720)
PROCESS STARTED NAMED:  (1677720, 1817530)
PROCESS STARTED NAMED:  (1817530, 1957340)
PROCESS STARTED NAMED:  (1957340, 2097150)
PROCESS STARTED NAMED:  (2097150, 2236960)
PROCESS STARTED NAMED:  (2236960, 2376770)
PROCESS STARTED NAMED:  (2376770, 2516580)
PROCESS STARTED NAMED:  (2516580, 2656390)
PROCESS STARTED NAMED:  (2656390, 2796200)
PROCESS STARTED NAMED:  (2796200, 2936010)
PROCESS STARTED NAMED:  (2936010, 3075820)
PROCESS STARTED NAMED:  (3075820, 3215630)
PROCESS STARTED NAMED:  (3215630, 3355440)
PROCESS STARTED NAMED:  (3355440, 3495250)
PROCESS STARTED NAMED:  (3495250, 3635060)
PROCESS STARTED NAMED:  (3635060, 3774870)
PROCESS STARTED NAMED:  (3774870, 3914680)
PROCESS STARTED NAMED:  (3914680, 4054490)
slurmstepd: error: *** JOB 24014318 ON udc-aj37-16c1 CANCELLED AT 2021-07-31T20:55:49 ***
